<?xml version="1.0" encoding="UTF-8"?>
<coverage generated="1699785137413" clover="3.2.0">
  <project timestamp="1699785137413" name="All files">
    <metrics statements="37" coveredstatements="23" conditionals="20" coveredconditionals="7" methods="5" coveredmethods="2" elements="62" coveredelements="32" complexity="0" loc="37" ncloc="37" packages="4" files="5" classes="5"/>
    <package name="components.DetailedBlock">
      <metrics statements="8" coveredstatements="8" conditionals="6" coveredconditionals="3" methods="1" coveredmethods="1"/>
      <file name="DetailedBlock.tsx" path="D:/OneDrive - Isdcay/Documents/FRONTEND-Разработка/Pet-projects/rs-school/react/react-course/src/components/DetailedBlock/DetailedBlock.tsx">
        <metrics statements="8" coveredstatements="8" conditionals="6" coveredconditionals="3" methods="1" coveredmethods="1"/>
        <line num="6" count="1" type="stmt"/>
        <line num="7" count="2" type="stmt"/>
        <line num="8" count="2" type="stmt"/>
        <line num="10" count="2" type="stmt"/>
        <line num="12" count="2" type="cond" truecount="1" falsecount="1"/>
        <line num="13" count="2" type="cond" truecount="1" falsecount="1"/>
        <line num="14" count="2" type="cond" truecount="1" falsecount="1"/>
        <line num="16" count="2" type="stmt"/>
      </file>
    </package>
    <package name="context">
      <metrics statements="4" coveredstatements="2" conditionals="0" coveredconditionals="0" methods="2" coveredmethods="0"/>
      <file name="index.tsx" path="D:/OneDrive - Isdcay/Documents/FRONTEND-Разработка/Pet-projects/rs-school/react/react-course/src/context/index.tsx">
        <metrics statements="4" coveredstatements="2" conditionals="0" coveredconditionals="0" methods="2" coveredmethods="0"/>
        <line num="5" count="1" type="stmt"/>
        <line num="10" count="1" type="stmt"/>
        <line num="11" count="0" type="stmt"/>
        <line num="12" count="0" type="stmt"/>
      </file>
    </package>
    <package name="reducer">
      <metrics statements="24" coveredstatements="12" conditionals="14" coveredconditionals="4" methods="2" coveredmethods="1"/>
      <file name="index.tsx" path="D:/OneDrive - Isdcay/Documents/FRONTEND-Разработка/Pet-projects/rs-school/react/react-course/src/reducer/index.tsx">
        <metrics statements="14" coveredstatements="2" conditionals="12" coveredconditionals="2" methods="1" coveredmethods="0"/>
        <line num="4" count="1" type="stmt"/>
        <line num="14" count="1" type="stmt"/>
        <line num="15" count="0" type="stmt"/>
        <line num="16" count="0" type="cond" truecount="0" falsecount="10"/>
        <line num="18" count="0" type="stmt"/>
        <line num="20" count="0" type="stmt"/>
        <line num="22" count="0" type="stmt"/>
        <line num="24" count="0" type="stmt"/>
        <line num="26" count="0" type="stmt"/>
        <line num="28" count="0" type="stmt"/>
        <line num="30" count="0" type="stmt"/>
        <line num="32" count="0" type="stmt"/>
        <line num="40" count="0" type="stmt"/>
        <line num="49" count="0" type="stmt"/>
      </file>
      <file name="types.tsx" path="D:/OneDrive - Isdcay/Documents/FRONTEND-Разработка/Pet-projects/rs-school/react/react-course/src/reducer/types.tsx">
        <metrics statements="10" coveredstatements="10" conditionals="2" coveredconditionals="2" methods="1" coveredmethods="1"/>
        <line num="3" count="1" type="cond" truecount="2" falsecount="0"/>
        <line num="4" count="1" type="stmt"/>
        <line num="5" count="1" type="stmt"/>
        <line num="6" count="1" type="stmt"/>
        <line num="7" count="1" type="stmt"/>
        <line num="8" count="1" type="stmt"/>
        <line num="9" count="1" type="stmt"/>
        <line num="10" count="1" type="stmt"/>
        <line num="11" count="1" type="stmt"/>
        <line num="12" count="1" type="stmt"/>
      </file>
    </package>
    <package name="settings">
      <metrics statements="1" coveredstatements="1" conditionals="0" coveredconditionals="0" methods="0" coveredmethods="0"/>
      <file name="index.tsx" path="D:/OneDrive - Isdcay/Documents/FRONTEND-Разработка/Pet-projects/rs-school/react/react-course/src/settings/index.tsx">
        <metrics statements="1" coveredstatements="1" conditionals="0" coveredconditionals="0" methods="0" coveredmethods="0"/>
        <line num="1" count="1" type="stmt"/>
      </file>
    </package>
  </project>
</coverage>
