{"D:/OneDrive - Isdcay/Documents/FRONTEND-Разработка/Pet-projects/rs-school/react/react-course/src/components/Card.tsx": {"path":"D:/OneDrive - Isdcay/Documents/FRONTEND-Разработка/Pet-projects/rs-school/react/react-course/src/components/Card.tsx","statementMap":{"0":{"start":{"line":33,"column":13},"end":{"line":45,"column":null}},"1":{"start":{"line":34,"column":20},"end":{"line":34,"column":null}},"2":{"start":{"line":35,"column":26},"end":{"line":35,"column":null}},"3":{"start":{"line":37,"column":2},"end":{"line":43,"column":null}}},"fnMap":{"0":{"name":"(anonymous_0)","decl":{"start":{"line":33,"column":13},"end":{"line":33,"column":14}},"loc":{"start":{"line":33,"column":39},"end":{"line":45,"column":null}}}},"branchMap":{},"s":{"0":1,"1":2,"2":2,"3":2},"f":{"0":2},"b":{}}
}
