{"D:/OneDrive - Isdcay/Documents/FRONTEND-Разработка/Pet-projects/rs-school/react/react-course/src/App.tsx": {"path":"D:/OneDrive - Isdcay/Documents/FRONTEND-Разработка/Pet-projects/rs-school/react/react-course/src/App.tsx","statementMap":{"0":{"start":{"line":8,"column":19},"end":{"line":23,"column":null}},"1":{"start":{"line":9,"column":2},"end":{"line":21,"column":null}},"2":{"start":{"line":25,"column":14},"end":{"line":25,"column":null}},"3":{"start":{"line":27,"column":12},"end":{"line":33,"column":null}},"4":{"start":{"line":28,"column":2},"end":{"line":31,"column":null}}},"fnMap":{"0":{"name":"(anonymous_0)","decl":{"start":{"line":8,"column":19},"end":{"line":8,"column":25}},"loc":{"start":{"line":8,"column":25},"end":{"line":23,"column":null}}},"1":{"name":"(anonymous_1)","decl":{"start":{"line":27,"column":12},"end":{"line":27,"column":18}},"loc":{"start":{"line":27,"column":18},"end":{"line":33,"column":null}}}},"branchMap":{},"s":{"0":1,"1":1,"2":1,"3":1,"4":1},"f":{"0":1,"1":1},"b":{}}
,"D:/OneDrive - Isdcay/Documents/FRONTEND-Разработка/Pet-projects/rs-school/react/react-course/src/api/index.tsx": {"path":"D:/OneDrive - Isdcay/Documents/FRONTEND-Разработка/Pet-projects/rs-school/react/react-course/src/api/index.tsx","statementMap":{"0":{"start":{"line":1,"column":7},"end":{"line":1,"column":null}},"1":{"start":{"line":2,"column":2},"end":{"line":2,"column":null}},"2":{"start":{"line":3,"column":2},"end":{"line":3,"column":null}},"3":{"start":{"line":4,"column":2},"end":{"line":4,"column":null}},"4":{"start":{"line":1,"column":12},"end":{"line":1,"column":null}}},"fnMap":{"0":{"name":"(anonymous_0)","decl":{"start":{"line":1,"column":7},"end":{"line":1,"column":12}},"loc":{"start":{"line":1,"column":7},"end":{"line":1,"column":null}}}},"branchMap":{"0":{"loc":{"start":{"line":1,"column":12},"end":{"line":1,"column":null}},"type":"binary-expr","locations":[{"start":{"line":1,"column":12},"end":{"line":1,"column":null}},{"start":{"line":1,"column":12},"end":{"line":1,"column":null}}]}},"s":{"0":6,"1":6,"2":6,"3":6,"4":6},"f":{"0":6},"b":{"0":[6,6]}}
,"D:/OneDrive - Isdcay/Documents/FRONTEND-Разработка/Pet-projects/rs-school/react/react-course/src/components/Card/Card.tsx": {"path":"D:/OneDrive - Isdcay/Documents/FRONTEND-Разработка/Pet-projects/rs-school/react/react-course/src/components/Card/Card.tsx","statementMap":{"0":{"start":{"line":33,"column":13},"end":{"line":45,"column":null}},"1":{"start":{"line":34,"column":20},"end":{"line":34,"column":null}},"2":{"start":{"line":35,"column":26},"end":{"line":35,"column":null}},"3":{"start":{"line":37,"column":2},"end":{"line":43,"column":null}}},"fnMap":{"0":{"name":"(anonymous_0)","decl":{"start":{"line":33,"column":13},"end":{"line":33,"column":14}},"loc":{"start":{"line":33,"column":39},"end":{"line":45,"column":null}}}},"branchMap":{},"s":{"0":4,"1":2,"2":2,"3":2},"f":{"0":2},"b":{}}
,"D:/OneDrive - Isdcay/Documents/FRONTEND-Разработка/Pet-projects/rs-school/react/react-course/src/components/Cards/Cards.tsx": {"path":"D:/OneDrive - Isdcay/Documents/FRONTEND-Разработка/Pet-projects/rs-school/react/react-course/src/components/Cards/Cards.tsx","statementMap":{"0":{"start":{"line":12,"column":14},"end":{"line":44,"column":null}},"1":{"start":{"line":13,"column":57},"end":{"line":15,"column":null}},"2":{"start":{"line":14,"column":15},"end":{"line":14,"column":null}},"3":{"start":{"line":17,"column":19},"end":{"line":17,"column":null}},"4":{"start":{"line":19,"column":19},"end":{"line":23,"column":null}},"5":{"start":{"line":25,"column":16},"end":{"line":25,"column":null}},"6":{"start":{"line":27,"column":2},"end":{"line":33,"column":null}},"7":{"start":{"line":28,"column":4},"end":{"line":32,"column":null}},"8":{"start":{"line":29,"column":6},"end":{"line":29,"column":null}},"9":{"start":{"line":30,"column":6},"end":{"line":30,"column":null}},"10":{"start":{"line":31,"column":6},"end":{"line":31,"column":null}},"11":{"start":{"line":35,"column":2},"end":{"line":42,"column":null}},"12":{"start":{"line":38,"column":8},"end":{"line":38,"column":null}}},"fnMap":{"0":{"name":"(anonymous_0)","decl":{"start":{"line":12,"column":14},"end":{"line":12,"column":20}},"loc":{"start":{"line":12,"column":20},"end":{"line":44,"column":null}}},"1":{"name":"(anonymous_1)","decl":{"start":{"line":14,"column":4},"end":{"line":14,"column":5}},"loc":{"start":{"line":14,"column":15},"end":{"line":14,"column":null}}},"2":{"name":"(anonymous_2)","decl":{"start":{"line":27,"column":12},"end":{"line":27,"column":18}},"loc":{"start":{"line":27,"column":18},"end":{"line":33,"column":5}}},"3":{"name":"(anonymous_3)","decl":{"start":{"line":37,"column":17},"end":{"line":37,"column":18}},"loc":{"start":{"line":38,"column":8},"end":{"line":38,"column":null}}}},"branchMap":{"0":{"loc":{"start":{"line":28,"column":4},"end":{"line":32,"column":null}},"type":"if","locations":[{"start":{"line":28,"column":4},"end":{"line":32,"column":null}},{"start":{"line":28,"column":4},"end":{"line":32,"column":null}}]},"1":{"loc":{"start":{"line":35,"column":9},"end":{"line":42,"column":null}},"type":"cond-expr","locations":[{"start":{"line":36,"column":4},"end":{"line":40,"column":null}},{"start":{"line":42,"column":4},"end":{"line":42,"column":null}}]}},"s":{"0":3,"1":4,"2":12,"3":4,"4":4,"5":4,"6":4,"7":2,"8":0,"9":0,"10":0,"11":4,"12":0},"f":{"0":4,"1":12,"2":2,"3":0},"b":{"0":[0,2],"1":[0,4]}}
,"D:/OneDrive - Isdcay/Documents/FRONTEND-Разработка/Pet-projects/rs-school/react/react-course/src/components/DetailedBlock/DetailedBlock.tsx": {"path":"D:/OneDrive - Isdcay/Documents/FRONTEND-Разработка/Pet-projects/rs-school/react/react-course/src/components/DetailedBlock/DetailedBlock.tsx","statementMap":{"0":{"start":{"line":6,"column":22},"end":{"line":27,"column":null}},"1":{"start":{"line":7,"column":20},"end":{"line":7,"column":null}},"2":{"start":{"line":7,"column":43},"end":{"line":7,"column":60}},"3":{"start":{"line":9,"column":17},"end":{"line":9,"column":null}},"4":{"start":{"line":11,"column":16},"end":{"line":11,"column":null}},"5":{"start":{"line":12,"column":22},"end":{"line":12,"column":null}},"6":{"start":{"line":13,"column":16},"end":{"line":13,"column":null}},"7":{"start":{"line":15,"column":2},"end":{"line":25,"column":null}}},"fnMap":{"0":{"name":"(anonymous_0)","decl":{"start":{"line":6,"column":22},"end":{"line":6,"column":28}},"loc":{"start":{"line":6,"column":28},"end":{"line":27,"column":null}}},"1":{"name":"(anonymous_1)","decl":{"start":{"line":7,"column":32},"end":{"line":7,"column":33}},"loc":{"start":{"line":7,"column":43},"end":{"line":7,"column":60}}}},"branchMap":{"0":{"loc":{"start":{"line":11,"column":16},"end":{"line":11,"column":null}},"type":"cond-expr","locations":[{"start":{"line":11,"column":21},"end":{"line":11,"column":53}},{"start":{"line":11,"column":53},"end":{"line":11,"column":null}}]},"1":{"loc":{"start":{"line":12,"column":22},"end":{"line":12,"column":null}},"type":"cond-expr","locations":[{"start":{"line":12,"column":27},"end":{"line":12,"column":65}},{"start":{"line":12,"column":65},"end":{"line":12,"column":null}}]},"2":{"loc":{"start":{"line":13,"column":16},"end":{"line":13,"column":null}},"type":"cond-expr","locations":[{"start":{"line":13,"column":21},"end":{"line":13,"column":53}},{"start":{"line":13,"column":53},"end":{"line":13,"column":null}}]}},"s":{"0":3,"1":2,"2":4,"3":2,"4":2,"5":2,"6":2,"7":2},"f":{"0":2,"1":4},"b":{"0":[2,0],"1":[2,0],"2":[2,0]}}
,"D:/OneDrive - Isdcay/Documents/FRONTEND-Разработка/Pet-projects/rs-school/react/react-course/src/components/ErrorBoundary/ErrorBoundary.tsx": {"path":"D:/OneDrive - Isdcay/Documents/FRONTEND-Разработка/Pet-projects/rs-school/react/react-course/src/components/ErrorBoundary/ErrorBoundary.tsx","statementMap":{"0":{"start":{"line":13,"column":4},"end":{"line":13,"column":null}},"1":{"start":{"line":14,"column":4},"end":{"line":14,"column":null}},"2":{"start":{"line":19,"column":4},"end":{"line":19,"column":null}},"3":{"start":{"line":20,"column":4},"end":{"line":22,"column":null}},"4":{"start":{"line":26,"column":22},"end":{"line":26,"column":null}},"5":{"start":{"line":27,"column":25},"end":{"line":27,"column":null}},"6":{"start":{"line":28,"column":4},"end":{"line":30,"column":null}},"7":{"start":{"line":29,"column":6},"end":{"line":29,"column":null}},"8":{"start":{"line":31,"column":4},"end":{"line":31,"column":null}}},"fnMap":{"0":{"name":"(anonymous_0)","decl":{"start":{"line":12,"column":2},"end":{"line":12,"column":14}},"loc":{"start":{"line":12,"column":29},"end":{"line":15,"column":null}}},"1":{"name":"(anonymous_1)","decl":{"start":{"line":17,"column":2},"end":{"line":17,"column":20}},"loc":{"start":{"line":17,"column":56},"end":{"line":23,"column":null}}},"2":{"name":"(anonymous_2)","decl":{"start":{"line":25,"column":2},"end":{"line":25,"column":11}},"loc":{"start":{"line":25,"column":11},"end":{"line":32,"column":null}}}},"branchMap":{"0":{"loc":{"start":{"line":28,"column":4},"end":{"line":30,"column":null}},"type":"if","locations":[{"start":{"line":28,"column":4},"end":{"line":30,"column":null}},{"start":{"line":28,"column":4},"end":{"line":30,"column":null}}]}},"s":{"0":4,"1":3,"2":1,"3":1,"4":4,"5":4,"6":4,"7":1,"8":3},"f":{"0":4,"1":1,"2":4},"b":{"0":[1,3]}}
,"D:/OneDrive - Isdcay/Documents/FRONTEND-Разработка/Pet-projects/rs-school/react/react-course/src/components/ErrorButton/ErrorButton.tsx": {"path":"D:/OneDrive - Isdcay/Documents/FRONTEND-Разработка/Pet-projects/rs-school/react/react-course/src/components/ErrorButton/ErrorButton.tsx","statementMap":{"0":{"start":{"line":4,"column":20},"end":{"line":22,"column":null}},"1":{"start":{"line":5,"column":28},"end":{"line":5,"column":null}},"2":{"start":{"line":7,"column":22},"end":{"line":9,"column":null}},"3":{"start":{"line":8,"column":4},"end":{"line":8,"column":null}},"4":{"start":{"line":11,"column":2},"end":{"line":11,"column":null}},"5":{"start":{"line":11,"column":13},"end":{"line":11,"column":null}},"6":{"start":{"line":13,"column":2},"end":{"line":20,"column":null}}},"fnMap":{"0":{"name":"(anonymous_0)","decl":{"start":{"line":4,"column":20},"end":{"line":4,"column":26}},"loc":{"start":{"line":4,"column":26},"end":{"line":22,"column":null}}},"1":{"name":"(anonymous_1)","decl":{"start":{"line":7,"column":22},"end":{"line":7,"column":28}},"loc":{"start":{"line":7,"column":28},"end":{"line":9,"column":null}}}},"branchMap":{"0":{"loc":{"start":{"line":11,"column":2},"end":{"line":11,"column":null}},"type":"if","locations":[{"start":{"line":11,"column":2},"end":{"line":11,"column":null}},{"start":{"line":11,"column":2},"end":{"line":11,"column":null}}]}},"s":{"0":3,"1":6,"2":6,"3":0,"4":6,"5":0,"6":6},"f":{"0":6,"1":0},"b":{"0":[0,6]}}
,"D:/OneDrive - Isdcay/Documents/FRONTEND-Разработка/Pet-projects/rs-school/react/react-course/src/components/Layout/Layout.tsx": {"path":"D:/OneDrive - Isdcay/Documents/FRONTEND-Разработка/Pet-projects/rs-school/react/react-course/src/components/Layout/Layout.tsx","statementMap":{"0":{"start":{"line":4,"column":15},"end":{"line":18,"column":null}},"1":{"start":{"line":5,"column":2},"end":{"line":16,"column":null}}},"fnMap":{"0":{"name":"(anonymous_0)","decl":{"start":{"line":4,"column":15},"end":{"line":4,"column":21}},"loc":{"start":{"line":4,"column":21},"end":{"line":18,"column":null}}}},"branchMap":{},"s":{"0":1,"1":1},"f":{"0":1},"b":{}}
,"D:/OneDrive - Isdcay/Documents/FRONTEND-Разработка/Pet-projects/rs-school/react/react-course/src/components/Pagination/Pagination.tsx": {"path":"D:/OneDrive - Isdcay/Documents/FRONTEND-Разработка/Pet-projects/rs-school/react/react-course/src/components/Pagination/Pagination.tsx","statementMap":{"0":{"start":{"line":8,"column":19},"end":{"line":74,"column":null}},"1":{"start":{"line":9,"column":40},"end":{"line":11,"column":null}},"2":{"start":{"line":10,"column":15},"end":{"line":10,"column":null}},"3":{"start":{"line":13,"column":19},"end":{"line":13,"column":null}},"4":{"start":{"line":15,"column":19},"end":{"line":15,"column":null}},"5":{"start":{"line":17,"column":29},"end":{"line":21,"column":null}},"6":{"start":{"line":18,"column":4},"end":{"line":18,"column":null}},"7":{"start":{"line":19,"column":4},"end":{"line":19,"column":null}},"8":{"start":{"line":20,"column":4},"end":{"line":20,"column":null}},"9":{"start":{"line":23,"column":20},"end":{"line":28,"column":null}},"10":{"start":{"line":24,"column":25},"end":{"line":24,"column":null}},"11":{"start":{"line":25,"column":4},"end":{"line":25,"column":null}},"12":{"start":{"line":26,"column":19},"end":{"line":26,"column":null}},"13":{"start":{"line":27,"column":4},"end":{"line":27,"column":null}},"14":{"start":{"line":30,"column":2},"end":{"line":32,"column":null}},"15":{"start":{"line":31,"column":4},"end":{"line":31,"column":null}},"16":{"start":{"line":34,"column":25},"end":{"line":36,"column":null}},"17":{"start":{"line":35,"column":4},"end":{"line":35,"column":null}},"18":{"start":{"line":38,"column":25},"end":{"line":40,"column":null}},"19":{"start":{"line":39,"column":4},"end":{"line":39,"column":null}},"20":{"start":{"line":42,"column":2},"end":{"line":72,"column":null}},"21":{"start":{"line":67,"column":10},"end":{"line":69,"column":null}}},"fnMap":{"0":{"name":"(anonymous_0)","decl":{"start":{"line":8,"column":19},"end":{"line":8,"column":25}},"loc":{"start":{"line":8,"column":25},"end":{"line":74,"column":null}}},"1":{"name":"(anonymous_1)","decl":{"start":{"line":10,"column":4},"end":{"line":10,"column":5}},"loc":{"start":{"line":10,"column":15},"end":{"line":10,"column":null}}},"2":{"name":"(anonymous_2)","decl":{"start":{"line":17,"column":29},"end":{"line":17,"column":30}},"loc":{"start":{"line":17,"column":74},"end":{"line":21,"column":null}}},"3":{"name":"(anonymous_3)","decl":{"start":{"line":23,"column":20},"end":{"line":23,"column":26}},"loc":{"start":{"line":23,"column":26},"end":{"line":28,"column":null}}},"4":{"name":"(anonymous_4)","decl":{"start":{"line":30,"column":12},"end":{"line":30,"column":18}},"loc":{"start":{"line":30,"column":18},"end":{"line":32,"column":5}}},"5":{"name":"(anonymous_5)","decl":{"start":{"line":34,"column":25},"end":{"line":34,"column":31}},"loc":{"start":{"line":34,"column":31},"end":{"line":36,"column":null}}},"6":{"name":"(anonymous_6)","decl":{"start":{"line":38,"column":25},"end":{"line":38,"column":31}},"loc":{"start":{"line":38,"column":31},"end":{"line":40,"column":null}}},"7":{"name":"(anonymous_7)","decl":{"start":{"line":66,"column":28},"end":{"line":66,"column":29}},"loc":{"start":{"line":67,"column":10},"end":{"line":69,"column":null}}}},"branchMap":{},"s":{"0":3,"1":1,"2":2,"3":1,"4":1,"5":1,"6":0,"7":0,"8":0,"9":1,"10":1,"11":1,"12":1,"13":1,"14":1,"15":1,"16":1,"17":0,"18":1,"19":0,"20":1,"21":4},"f":{"0":1,"1":2,"2":0,"3":1,"4":1,"5":0,"6":0,"7":4},"b":{}}
,"D:/OneDrive - Isdcay/Documents/FRONTEND-Разработка/Pet-projects/rs-school/react/react-course/src/components/Search/SearchPanel.tsx": {"path":"D:/OneDrive - Isdcay/Documents/FRONTEND-Разработка/Pet-projects/rs-school/react/react-course/src/components/Search/SearchPanel.tsx","statementMap":{"0":{"start":{"line":7,"column":20},"end":{"line":48,"column":null}},"1":{"start":{"line":8,"column":25},"end":{"line":8,"column":null}},"2":{"start":{"line":8,"column":48},"end":{"line":8,"column":65}},"3":{"start":{"line":10,"column":36},"end":{"line":10,"column":null}},"4":{"start":{"line":12,"column":2},"end":{"line":14,"column":null}},"5":{"start":{"line":13,"column":4},"end":{"line":13,"column":null}},"6":{"start":{"line":16,"column":19},"end":{"line":16,"column":null}},"7":{"start":{"line":18,"column":22},"end":{"line":21,"column":null}},"8":{"start":{"line":19,"column":4},"end":{"line":19,"column":null}},"9":{"start":{"line":20,"column":4},"end":{"line":20,"column":null}},"10":{"start":{"line":23,"column":25},"end":{"line":26,"column":null}},"11":{"start":{"line":24,"column":4},"end":{"line":24,"column":null}},"12":{"start":{"line":25,"column":4},"end":{"line":25,"column":null}},"13":{"start":{"line":28,"column":2},"end":{"line":46,"column":null}},"14":{"start":{"line":34,"column":25},"end":{"line":34,"column":null}}},"fnMap":{"0":{"name":"(anonymous_0)","decl":{"start":{"line":7,"column":20},"end":{"line":7,"column":26}},"loc":{"start":{"line":7,"column":26},"end":{"line":48,"column":null}}},"1":{"name":"(anonymous_1)","decl":{"start":{"line":8,"column":37},"end":{"line":8,"column":38}},"loc":{"start":{"line":8,"column":48},"end":{"line":8,"column":65}}},"2":{"name":"(anonymous_2)","decl":{"start":{"line":12,"column":12},"end":{"line":12,"column":18}},"loc":{"start":{"line":12,"column":18},"end":{"line":14,"column":5}}},"3":{"name":"(anonymous_3)","decl":{"start":{"line":18,"column":22},"end":{"line":18,"column":28}},"loc":{"start":{"line":18,"column":28},"end":{"line":21,"column":null}}},"4":{"name":"(anonymous_4)","decl":{"start":{"line":23,"column":25},"end":{"line":23,"column":26}},"loc":{"start":{"line":23,"column":69},"end":{"line":26,"column":null}}},"5":{"name":"(anonymous_5)","decl":{"start":{"line":34,"column":18},"end":{"line":34,"column":19}},"loc":{"start":{"line":34,"column":25},"end":{"line":34,"column":null}}}},"branchMap":{},"s":{"0":3,"1":9,"2":17,"3":9,"4":9,"5":4,"6":9,"7":9,"8":1,"9":1,"10":9,"11":1,"12":1,"13":9,"14":1},"f":{"0":9,"1":17,"2":4,"3":1,"4":1,"5":1},"b":{}}
,"D:/OneDrive - Isdcay/Documents/FRONTEND-Разработка/Pet-projects/rs-school/react/react-course/src/pages/ErrorPage/ErrorPage.tsx": {"path":"D:/OneDrive - Isdcay/Documents/FRONTEND-Разработка/Pet-projects/rs-school/react/react-course/src/pages/ErrorPage/ErrorPage.tsx","statementMap":{"0":{"start":{"line":1,"column":18},"end":{"line":3,"column":null}},"1":{"start":{"line":2,"column":2},"end":{"line":2,"column":null}}},"fnMap":{"0":{"name":"(anonymous_0)","decl":{"start":{"line":1,"column":18},"end":{"line":1,"column":24}},"loc":{"start":{"line":1,"column":24},"end":{"line":3,"column":null}}}},"branchMap":{},"s":{"0":1,"1":1},"f":{"0":1},"b":{}}
,"D:/OneDrive - Isdcay/Documents/FRONTEND-Разработка/Pet-projects/rs-school/react/react-course/src/pages/MainPage/MainPage.tsx": {"path":"D:/OneDrive - Isdcay/Documents/FRONTEND-Разработка/Pet-projects/rs-school/react/react-course/src/pages/MainPage/MainPage.tsx","statementMap":{"0":{"start":{"line":10,"column":17},"end":{"line":52,"column":null}},"1":{"start":{"line":11,"column":45},"end":{"line":13,"column":null}},"2":{"start":{"line":12,"column":15},"end":{"line":12,"column":null}},"3":{"start":{"line":15,"column":33},"end":{"line":19,"column":null}},"4":{"start":{"line":21,"column":17},"end":{"line":21,"column":null}},"5":{"start":{"line":22,"column":19},"end":{"line":22,"column":null}},"6":{"start":{"line":24,"column":29},"end":{"line":29,"column":null}},"7":{"start":{"line":25,"column":27},"end":{"line":25,"column":null}},"8":{"start":{"line":26,"column":4},"end":{"line":28,"column":null}},"9":{"start":{"line":27,"column":6},"end":{"line":27,"column":null}},"10":{"start":{"line":31,"column":2},"end":{"line":50,"column":null}}},"fnMap":{"0":{"name":"(anonymous_0)","decl":{"start":{"line":10,"column":17},"end":{"line":10,"column":23}},"loc":{"start":{"line":10,"column":23},"end":{"line":52,"column":null}}},"1":{"name":"(anonymous_1)","decl":{"start":{"line":12,"column":4},"end":{"line":12,"column":5}},"loc":{"start":{"line":12,"column":15},"end":{"line":12,"column":null}}},"2":{"name":"(anonymous_2)","decl":{"start":{"line":24,"column":29},"end":{"line":24,"column":30}},"loc":{"start":{"line":24,"column":54},"end":{"line":29,"column":null}}}},"branchMap":{"0":{"loc":{"start":{"line":26,"column":4},"end":{"line":28,"column":null}},"type":"if","locations":[{"start":{"line":26,"column":4},"end":{"line":28,"column":null}},{"start":{"line":26,"column":4},"end":{"line":28,"column":null}}]},"1":{"loc":{"start":{"line":26,"column":8},"end":{"line":26,"column":63}},"type":"binary-expr","locations":[{"start":{"line":26,"column":8},"end":{"line":26,"column":14}},{"start":{"line":26,"column":14},"end":{"line":26,"column":63}}]},"2":{"loc":{"start":{"line":41,"column":9},"end":{"line":41,"column":null}},"type":"binary-expr","locations":[{"start":{"line":41,"column":9},"end":{"line":41,"column":20}},{"start":{"line":41,"column":20},"end":{"line":41,"column":null}}]},"3":{"loc":{"start":{"line":42,"column":9},"end":{"line":42,"column":null}},"type":"cond-expr","locations":[{"start":{"line":42,"column":21},"end":{"line":42,"column":45}},{"start":{"line":42,"column":45},"end":{"line":42,"column":null}}]},"4":{"loc":{"start":{"line":43,"column":9},"end":{"line":43,"column":null}},"type":"cond-expr","locations":[{"start":{"line":43,"column":21},"end":{"line":43,"column":28}},{"start":{"line":43,"column":28},"end":{"line":43,"column":null}}]},"5":{"loc":{"start":{"line":45,"column":7},"end":{"line":49,"column":null}},"type":"cond-expr","locations":[{"start":{"line":46,"column":8},"end":{"line":48,"column":null}},{"start":{"line":49,"column":10},"end":{"line":49,"column":null}}]}},"s":{"0":2,"1":2,"2":6,"3":2,"4":2,"5":2,"6":2,"7":0,"8":0,"9":0,"10":2},"f":{"0":2,"1":6,"2":0},"b":{"0":[0,0],"1":[0,0],"2":[2,0],"3":[2,0],"4":[2,0],"5":[0,2]}}
,"D:/OneDrive - Isdcay/Documents/FRONTEND-Разработка/Pet-projects/rs-school/react/react-course/src/settings/index.tsx": {"path":"D:/OneDrive - Isdcay/Documents/FRONTEND-Разработка/Pet-projects/rs-school/react/react-course/src/settings/index.tsx","statementMap":{"0":{"start":{"line":1,"column":30},"end":{"line":1,"column":null}}},"fnMap":{},"branchMap":{},"s":{"0":6},"f":{},"b":{}}
,"D:/OneDrive - Isdcay/Documents/FRONTEND-Разработка/Pet-projects/rs-school/react/react-course/src/store/index.tsx": {"path":"D:/OneDrive - Isdcay/Documents/FRONTEND-Разработка/Pet-projects/rs-school/react/react-course/src/store/index.tsx","statementMap":{"0":{"start":{"line":11,"column":20},"end":{"line":14,"column":null}},"1":{"start":{"line":16,"column":26},"end":{"line":25,"column":null}},"2":{"start":{"line":17,"column":2},"end":{"line":24,"column":null}},"3":{"start":{"line":20,"column":6},"end":{"line":22,"column":null}},"4":{"start":{"line":27,"column":27},"end":{"line":27,"column":null}},"5":{"start":{"line":27,"column":33},"end":{"line":27,"column":null}},"6":{"start":{"line":28,"column":60},"end":{"line":28,"column":null}}},"fnMap":{"0":{"name":"(anonymous_0)","decl":{"start":{"line":16,"column":26},"end":{"line":16,"column":27}},"loc":{"start":{"line":16,"column":74},"end":{"line":25,"column":null}}},"1":{"name":"(anonymous_1)","decl":{"start":{"line":19,"column":16},"end":{"line":19,"column":17}},"loc":{"start":{"line":20,"column":6},"end":{"line":22,"column":null}}},"2":{"name":"(anonymous_2)","decl":{"start":{"line":27,"column":27},"end":{"line":27,"column":33}},"loc":{"start":{"line":27,"column":33},"end":{"line":27,"column":null}}}},"branchMap":{},"s":{"0":6,"1":6,"2":9,"3":9,"4":6,"5":14,"6":6},"f":{"0":9,"1":9,"2":14},"b":{}}
,"D:/OneDrive - Isdcay/Documents/FRONTEND-Разработка/Pet-projects/rs-school/react/react-course/src/store/reducers/apiSlice.tsx": {"path":"D:/OneDrive - Isdcay/Documents/FRONTEND-Разработка/Pet-projects/rs-school/react/react-course/src/store/reducers/apiSlice.tsx","statementMap":{"0":{"start":{"line":4,"column":19},"end":{"line":17,"column":null}},"1":{"start":{"line":9,"column":27},"end":{"line":16,"column":null}},"2":{"start":{"line":11,"column":54},"end":{"line":14,"column":null}},"3":{"start":{"line":19,"column":36},"end":{"line":19,"column":null}}},"fnMap":{"0":{"name":"(anonymous_0)","decl":{"start":{"line":9,"column":13},"end":{"line":9,"column":14}},"loc":{"start":{"line":9,"column":27},"end":{"line":16,"column":null}}},"1":{"name":"(anonymous_1)","decl":{"start":{"line":11,"column":13},"end":{"line":11,"column":14}},"loc":{"start":{"line":11,"column":54},"end":{"line":14,"column":null}}}},"branchMap":{},"s":{"0":6,"1":6,"2":3,"3":6},"f":{"0":6,"1":3},"b":{}}
,"D:/OneDrive - Isdcay/Documents/FRONTEND-Разработка/Pet-projects/rs-school/react/react-course/src/store/reducers/mainSlice.tsx": {"path":"D:/OneDrive - Isdcay/Documents/FRONTEND-Разработка/Pet-projects/rs-school/react/react-course/src/store/reducers/mainSlice.tsx","statementMap":{"0":{"start":{"line":18,"column":36},"end":{"line":27,"column":null}},"1":{"start":{"line":29,"column":25},"end":{"line":68,"column":null}},"2":{"start":{"line":34,"column":6},"end":{"line":34,"column":null}},"3":{"start":{"line":37,"column":6},"end":{"line":37,"column":null}},"4":{"start":{"line":40,"column":6},"end":{"line":40,"column":null}},"5":{"start":{"line":43,"column":6},"end":{"line":43,"column":null}},"6":{"start":{"line":46,"column":6},"end":{"line":46,"column":null}},"7":{"start":{"line":49,"column":6},"end":{"line":49,"column":null}},"8":{"start":{"line":52,"column":6},"end":{"line":52,"column":null}},"9":{"start":{"line":55,"column":34},"end":{"line":55,"column":null}},"10":{"start":{"line":56,"column":6},"end":{"line":56,"column":null}},"11":{"start":{"line":57,"column":6},"end":{"line":57,"column":null}},"12":{"start":{"line":58,"column":6},"end":{"line":58,"column":null}},"13":{"start":{"line":59,"column":6},"end":{"line":59,"column":null}},"14":{"start":{"line":62,"column":6},"end":{"line":62,"column":null}},"15":{"start":{"line":63,"column":6},"end":{"line":63,"column":null}},"16":{"start":{"line":64,"column":6},"end":{"line":64,"column":null}},"17":{"start":{"line":65,"column":6},"end":{"line":65,"column":null}},"18":{"start":{"line":80,"column":4},"end":{"line":80,"column":null}}},"fnMap":{"0":{"name":"(anonymous_0)","decl":{"start":{"line":33,"column":4},"end":{"line":33,"column":18}},"loc":{"start":{"line":33,"column":61},"end":{"line":35,"column":null}}},"1":{"name":"(anonymous_1)","decl":{"start":{"line":36,"column":4},"end":{"line":36,"column":13}},"loc":{"start":{"line":36,"column":57},"end":{"line":38,"column":null}}},"2":{"name":"(anonymous_2)","decl":{"start":{"line":39,"column":4},"end":{"line":39,"column":13}},"loc":{"start":{"line":39,"column":57},"end":{"line":41,"column":null}}},"3":{"name":"(anonymous_3)","decl":{"start":{"line":42,"column":4},"end":{"line":42,"column":18}},"loc":{"start":{"line":42,"column":67},"end":{"line":44,"column":null}}},"4":{"name":"(anonymous_4)","decl":{"start":{"line":45,"column":4},"end":{"line":45,"column":12}},"loc":{"start":{"line":45,"column":55},"end":{"line":47,"column":null}}},"5":{"name":"(anonymous_5)","decl":{"start":{"line":48,"column":4},"end":{"line":48,"column":20}},"loc":{"start":{"line":48,"column":71},"end":{"line":50,"column":null}}},"6":{"name":"(anonymous_6)","decl":{"start":{"line":51,"column":4},"end":{"line":51,"column":17}},"loc":{"start":{"line":51,"column":65},"end":{"line":53,"column":null}}},"7":{"name":"(anonymous_7)","decl":{"start":{"line":54,"column":4},"end":{"line":54,"column":20}},"loc":{"start":{"line":54,"column":71},"end":{"line":60,"column":null}}},"8":{"name":"(anonymous_8)","decl":{"start":{"line":61,"column":4},"end":{"line":61,"column":18}},"loc":{"start":{"line":61,"column":67},"end":{"line":66,"column":null}}}},"branchMap":{"0":{"loc":{"start":{"line":19,"column":14},"end":{"line":19,"column":null}},"type":"binary-expr","locations":[{"start":{"line":19,"column":14},"end":{"line":19,"column":52}},{"start":{"line":19,"column":52},"end":{"line":19,"column":null}}]}},"s":{"0":6,"1":6,"2":1,"3":0,"4":0,"5":0,"6":0,"7":0,"8":0,"9":0,"10":0,"11":0,"12":0,"13":0,"14":0,"15":0,"16":0,"17":0,"18":6},"f":{"0":1,"1":0,"2":0,"3":0,"4":0,"5":0,"6":0,"7":0,"8":0},"b":{"0":[6,6]}}
,"D:/OneDrive - Isdcay/Documents/FRONTEND-Разработка/Pet-projects/rs-school/react/react-course/src/test/test-utils.tsx": {"path":"D:/OneDrive - Isdcay/Documents/FRONTEND-Разработка/Pet-projects/rs-school/react/react-course/src/test/test-utils.tsx","statementMap":{"0":{"start":{"line":27,"column":4},"end":{"line":27,"column":null}},"1":{"start":{"line":29,"column":2},"end":{"line":29,"column":null}}},"fnMap":{"0":{"name":"renderWithProviders","decl":{"start":{"line":18,"column":9},"end":{"line":18,"column":null}},"loc":{"start":{"line":25,"column":2},"end":{"line":30,"column":null}}},"1":{"name":"Wrapper","decl":{"start":{"line":26,"column":11},"end":{"line":26,"column":19}},"loc":{"start":{"line":26,"column":73},"end":{"line":28,"column":null}}}},"branchMap":{"0":{"loc":{"start":{"line":20,"column":2},"end":{"line":24,"column":null}},"type":"default-arg","locations":[{"start":{"line":24,"column":29},"end":{"line":24,"column":null}}]},"1":{"loc":{"start":{"line":21,"column":4},"end":{"line":21,"column":null}},"type":"default-arg","locations":[{"start":{"line":21,"column":21},"end":{"line":21,"column":null}}]},"2":{"loc":{"start":{"line":22,"column":4},"end":{"line":22,"column":null}},"type":"default-arg","locations":[{"start":{"line":22,"column":12},"end":{"line":22,"column":null}}]}},"s":{"0":8,"1":8},"f":{"0":8,"1":8},"b":{"0":[8],"1":[8],"2":[8]}}
,"D:/OneDrive - Isdcay/Documents/FRONTEND-Разработка/Pet-projects/rs-school/react/react-course/src/test/server/serverHandlers.ts": {"path":"D:/OneDrive - Isdcay/Documents/FRONTEND-Разработка/Pet-projects/rs-school/react/react-course/src/test/server/serverHandlers.ts","statementMap":{"0":{"start":{"line":6,"column":34},"end":{"line":114,"column":null}},"1":{"start":{"line":116,"column":45},"end":{"line":125,"column":null}},"2":{"start":{"line":127,"column":17},"end":{"line":137,"column":null}},"3":{"start":{"line":131,"column":30},"end":{"line":133,"column":null}},"4":{"start":{"line":134,"column":6},"end":{"line":134,"column":null}}},"fnMap":{"0":{"name":"(anonymous_0)","decl":{"start":{"line":130,"column":4},"end":{"line":130,"column":10}},"loc":{"start":{"line":130,"column":10},"end":{"line":135,"column":null}}}},"branchMap":{},"s":{"0":1,"1":1,"2":1,"3":0,"4":0},"f":{"0":0},"b":{}}
}
